

Started GET "/" for 127.0.0.1 at 2016-10-04 11:05:56 -0300

ActiveRecord::PendingMigrationError (

Migrations are pending. To resolve this issue, run:

	bin/rake db:migrate RAILS_ENV=development

):
  activerecord (4.2.6) lib/active_record/migration.rb:392:in `check_pending!'
  activerecord (4.2.6) lib/active_record/migration.rb:373:in `call'
  /usr/lib/ruby/vendor_ruby/action_dispatch/middleware/callbacks.rb:29:in `block in call'
  /usr/lib/ruby/vendor_ruby/active_support/callbacks.rb:88:in `__run_callbacks__'
  /usr/lib/ruby/vendor_ruby/active_support/callbacks.rb:778:in `_run_call_callbacks'
  /usr/lib/ruby/vendor_ruby/active_support/callbacks.rb:81:in `run_callbacks'
  /usr/lib/ruby/vendor_ruby/action_dispatch/middleware/callbacks.rb:27:in `call'
  /usr/lib/ruby/vendor_ruby/action_dispatch/middleware/reloader.rb:73:in `call'
  /usr/lib/ruby/vendor_ruby/action_dispatch/middleware/remote_ip.rb:78:in `call'
  /usr/lib/ruby/vendor_ruby/action_dispatch/middleware/debug_exceptions.rb:17:in `call'
  web-console (2.3.0) lib/web_console/middleware.rb:28:in `block in call'
  web-console (2.3.0) lib/web_console/middleware.rb:18:in `catch'
  web-console (2.3.0) lib/web_console/middleware.rb:18:in `call'
  /usr/lib/ruby/vendor_ruby/action_dispatch/middleware/show_exceptions.rb:30:in `call'
  /usr/lib/ruby/vendor_ruby/rails/rack/logger.rb:38:in `call_app'
  /usr/lib/ruby/vendor_ruby/rails/rack/logger.rb:20:in `block in call'
  /usr/lib/ruby/vendor_ruby/active_support/tagged_logging.rb:68:in `block in tagged'
  /usr/lib/ruby/vendor_ruby/active_support/tagged_logging.rb:26:in `tagged'
  /usr/lib/ruby/vendor_ruby/active_support/tagged_logging.rb:68:in `tagged'
  /usr/lib/ruby/vendor_ruby/rails/rack/logger.rb:20:in `call'
  /usr/lib/ruby/vendor_ruby/action_dispatch/middleware/request_id.rb:21:in `call'
  rack (1.6.4) lib/rack/methodoverride.rb:22:in `call'
  rack (1.6.4) lib/rack/runtime.rb:18:in `call'
  /usr/lib/ruby/vendor_ruby/active_support/cache/strategy/local_cache_middleware.rb:28:in `call'
  rack (1.6.4) lib/rack/lock.rb:17:in `call'
  /usr/lib/ruby/vendor_ruby/action_dispatch/middleware/static.rb:120:in `call'
  rack (1.6.4) lib/rack/sendfile.rb:113:in `call'
  /usr/lib/ruby/vendor_ruby/rails/engine.rb:518:in `call'
  /usr/lib/ruby/vendor_ruby/rails/application.rb:165:in `call'
  rack (1.6.4) lib/rack/lock.rb:17:in `call'
  rack (1.6.4) lib/rack/content_length.rb:15:in `call'
  rack (1.6.4) lib/rack/handler/webrick.rb:88:in `service'
  /usr/lib/ruby/2.3.0/webrick/httpserver.rb:140:in `service'
  /usr/lib/ruby/2.3.0/webrick/httpserver.rb:96:in `run'
  /usr/lib/ruby/2.3.0/webrick/server.rb:296:in `block in start_thread'


  Rendered /usr/lib/ruby/vendor_ruby/action_dispatch/middleware/templates/rescues/_source.erb (11.3ms)
  Rendered /usr/lib/ruby/vendor_ruby/action_dispatch/middleware/templates/rescues/_trace.html.erb (2.6ms)
  Rendered /usr/lib/ruby/vendor_ruby/action_dispatch/middleware/templates/rescues/_request_and_response.html.erb (1.6ms)
  Rendered /usr/lib/ruby/vendor_ruby/action_dispatch/middleware/templates/rescues/diagnostics.html.erb within rescues/layout (37.8ms)
  Rendered /var/lib/gems/2.3.0/gems/web-console-2.3.0/lib/web_console/templates/_markup.html.erb (0.6ms)
  Rendered /var/lib/gems/2.3.0/gems/web-console-2.3.0/lib/web_console/templates/_inner_console_markup.html.erb within layouts/inlined_string (0.5ms)
  Rendered /var/lib/gems/2.3.0/gems/web-console-2.3.0/lib/web_console/templates/_prompt_box_markup.html.erb within layouts/inlined_string (0.6ms)
  Rendered /var/lib/gems/2.3.0/gems/web-console-2.3.0/lib/web_console/templates/style.css.erb within layouts/inlined_string (0.7ms)
  Rendered /var/lib/gems/2.3.0/gems/web-console-2.3.0/lib/web_console/templates/console.js.erb within layouts/javascript (1544.9ms)
  Rendered /var/lib/gems/2.3.0/gems/web-console-2.3.0/lib/web_console/templates/main.js.erb within layouts/javascript (0.6ms)
  Rendered /var/lib/gems/2.3.0/gems/web-console-2.3.0/lib/web_console/templates/error_page.js.erb within layouts/javascript (0.7ms)
  Rendered /var/lib/gems/2.3.0/gems/web-console-2.3.0/lib/web_console/templates/index.html.erb (1588.0ms)


Started GET "/" for 127.0.0.1 at 2016-10-04 11:05:58 -0300

ActiveRecord::PendingMigrationError (

Migrations are pending. To resolve this issue, run:

	bin/rake db:migrate RAILS_ENV=development

):
  activerecord (4.2.6) lib/active_record/migration.rb:392:in `check_pending!'
  activerecord (4.2.6) lib/active_record/migration.rb:373:in `call'
  /usr/lib/ruby/vendor_ruby/action_dispatch/middleware/callbacks.rb:29:in `block in call'
  /usr/lib/ruby/vendor_ruby/active_support/callbacks.rb:88:in `__run_callbacks__'
  /usr/lib/ruby/vendor_ruby/active_support/callbacks.rb:778:in `_run_call_callbacks'
  /usr/lib/ruby/vendor_ruby/active_support/callbacks.rb:81:in `run_callbacks'
  /usr/lib/ruby/vendor_ruby/action_dispatch/middleware/callbacks.rb:27:in `call'
  /usr/lib/ruby/vendor_ruby/action_dispatch/middleware/reloader.rb:73:in `call'
  /usr/lib/ruby/vendor_ruby/action_dispatch/middleware/remote_ip.rb:78:in `call'
  /usr/lib/ruby/vendor_ruby/action_dispatch/middleware/debug_exceptions.rb:17:in `call'
  web-console (2.3.0) lib/web_console/middleware.rb:28:in `block in call'
  web-console (2.3.0) lib/web_console/middleware.rb:18:in `catch'
  web-console (2.3.0) lib/web_console/middleware.rb:18:in `call'
  /usr/lib/ruby/vendor_ruby/action_dispatch/middleware/show_exceptions.rb:30:in `call'
  /usr/lib/ruby/vendor_ruby/rails/rack/logger.rb:38:in `call_app'
  /usr/lib/ruby/vendor_ruby/rails/rack/logger.rb:20:in `block in call'
  /usr/lib/ruby/vendor_ruby/active_support/tagged_logging.rb:68:in `block in tagged'
  /usr/lib/ruby/vendor_ruby/active_support/tagged_logging.rb:26:in `tagged'
  /usr/lib/ruby/vendor_ruby/active_support/tagged_logging.rb:68:in `tagged'
  /usr/lib/ruby/vendor_ruby/rails/rack/logger.rb:20:in `call'
  /usr/lib/ruby/vendor_ruby/action_dispatch/middleware/request_id.rb:21:in `call'
  rack (1.6.4) lib/rack/methodoverride.rb:22:in `call'
  rack (1.6.4) lib/rack/runtime.rb:18:in `call'
  /usr/lib/ruby/vendor_ruby/active_support/cache/strategy/local_cache_middleware.rb:28:in `call'
  rack (1.6.4) lib/rack/lock.rb:17:in `call'
  /usr/lib/ruby/vendor_ruby/action_dispatch/middleware/static.rb:120:in `call'
  rack (1.6.4) lib/rack/sendfile.rb:113:in `call'
  /usr/lib/ruby/vendor_ruby/rails/engine.rb:518:in `call'
  /usr/lib/ruby/vendor_ruby/rails/application.rb:165:in `call'
  rack (1.6.4) lib/rack/lock.rb:17:in `call'
  rack (1.6.4) lib/rack/content_length.rb:15:in `call'
  rack (1.6.4) lib/rack/handler/webrick.rb:88:in `service'
  /usr/lib/ruby/2.3.0/webrick/httpserver.rb:140:in `service'
  /usr/lib/ruby/2.3.0/webrick/httpserver.rb:96:in `run'
  /usr/lib/ruby/2.3.0/webrick/server.rb:296:in `block in start_thread'


  Rendered /usr/lib/ruby/vendor_ruby/action_dispatch/middleware/templates/rescues/_source.erb (4.3ms)
  Rendered /usr/lib/ruby/vendor_ruby/action_dispatch/middleware/templates/rescues/_trace.html.erb (2.5ms)
  Rendered /usr/lib/ruby/vendor_ruby/action_dispatch/middleware/templates/rescues/_request_and_response.html.erb (1.5ms)
  Rendered /usr/lib/ruby/vendor_ruby/action_dispatch/middleware/templates/rescues/diagnostics.html.erb within rescues/layout (25.5ms)
  Rendered /var/lib/gems/2.3.0/gems/web-console-2.3.0/lib/web_console/templates/_markup.html.erb (1.9ms)
  Rendered /var/lib/gems/2.3.0/gems/web-console-2.3.0/lib/web_console/templates/_inner_console_markup.html.erb within layouts/inlined_string (0.5ms)
  Rendered /var/lib/gems/2.3.0/gems/web-console-2.3.0/lib/web_console/templates/_prompt_box_markup.html.erb within layouts/inlined_string (0.7ms)
  Rendered /var/lib/gems/2.3.0/gems/web-console-2.3.0/lib/web_console/templates/style.css.erb within layouts/inlined_string (0.6ms)
  Rendered /var/lib/gems/2.3.0/gems/web-console-2.3.0/lib/web_console/templates/console.js.erb within layouts/javascript (24.8ms)
  Rendered /var/lib/gems/2.3.0/gems/web-console-2.3.0/lib/web_console/templates/main.js.erb within layouts/javascript (0.7ms)
  Rendered /var/lib/gems/2.3.0/gems/web-console-2.3.0/lib/web_console/templates/error_page.js.erb within layouts/javascript (0.8ms)
  Rendered /var/lib/gems/2.3.0/gems/web-console-2.3.0/lib/web_console/templates/index.html.erb (49.8ms)


Started GET "/" for 127.0.0.1 at 2016-10-04 11:07:25 -0300

ActiveRecord::PendingMigrationError (

Migrations are pending. To resolve this issue, run:

	bin/rake db:migrate RAILS_ENV=development

):
  activerecord (4.2.6) lib/active_record/migration.rb:392:in `check_pending!'
  activerecord (4.2.6) lib/active_record/migration.rb:373:in `call'
  /usr/lib/ruby/vendor_ruby/action_dispatch/middleware/callbacks.rb:29:in `block in call'
  /usr/lib/ruby/vendor_ruby/active_support/callbacks.rb:88:in `__run_callbacks__'
  /usr/lib/ruby/vendor_ruby/active_support/callbacks.rb:778:in `_run_call_callbacks'
  /usr/lib/ruby/vendor_ruby/active_support/callbacks.rb:81:in `run_callbacks'
  /usr/lib/ruby/vendor_ruby/action_dispatch/middleware/callbacks.rb:27:in `call'
  /usr/lib/ruby/vendor_ruby/action_dispatch/middleware/reloader.rb:73:in `call'
  /usr/lib/ruby/vendor_ruby/action_dispatch/middleware/remote_ip.rb:78:in `call'
  /usr/lib/ruby/vendor_ruby/action_dispatch/middleware/debug_exceptions.rb:17:in `call'
  web-console (2.3.0) lib/web_console/middleware.rb:28:in `block in call'
  web-console (2.3.0) lib/web_console/middleware.rb:18:in `catch'
  web-console (2.3.0) lib/web_console/middleware.rb:18:in `call'
  /usr/lib/ruby/vendor_ruby/action_dispatch/middleware/show_exceptions.rb:30:in `call'
  /usr/lib/ruby/vendor_ruby/rails/rack/logger.rb:38:in `call_app'
  /usr/lib/ruby/vendor_ruby/rails/rack/logger.rb:20:in `block in call'
  /usr/lib/ruby/vendor_ruby/active_support/tagged_logging.rb:68:in `block in tagged'
  /usr/lib/ruby/vendor_ruby/active_support/tagged_logging.rb:26:in `tagged'
  /usr/lib/ruby/vendor_ruby/active_support/tagged_logging.rb:68:in `tagged'
  /usr/lib/ruby/vendor_ruby/rails/rack/logger.rb:20:in `call'
  /usr/lib/ruby/vendor_ruby/action_dispatch/middleware/request_id.rb:21:in `call'
  rack (1.6.4) lib/rack/methodoverride.rb:22:in `call'
  rack (1.6.4) lib/rack/runtime.rb:18:in `call'
  /usr/lib/ruby/vendor_ruby/active_support/cache/strategy/local_cache_middleware.rb:28:in `call'
  rack (1.6.4) lib/rack/lock.rb:17:in `call'
  /usr/lib/ruby/vendor_ruby/action_dispatch/middleware/static.rb:120:in `call'
  rack (1.6.4) lib/rack/sendfile.rb:113:in `call'
  /usr/lib/ruby/vendor_ruby/rails/engine.rb:518:in `call'
  /usr/lib/ruby/vendor_ruby/rails/application.rb:165:in `call'
  rack (1.6.4) lib/rack/lock.rb:17:in `call'
  rack (1.6.4) lib/rack/content_length.rb:15:in `call'
  rack (1.6.4) lib/rack/handler/webrick.rb:88:in `service'
  /usr/lib/ruby/2.3.0/webrick/httpserver.rb:140:in `service'
  /usr/lib/ruby/2.3.0/webrick/httpserver.rb:96:in `run'
  /usr/lib/ruby/2.3.0/webrick/server.rb:296:in `block in start_thread'


  Rendered /usr/lib/ruby/vendor_ruby/action_dispatch/middleware/templates/rescues/_source.erb (4.2ms)
  Rendered /usr/lib/ruby/vendor_ruby/action_dispatch/middleware/templates/rescues/_trace.html.erb (2.5ms)
  Rendered /usr/lib/ruby/vendor_ruby/action_dispatch/middleware/templates/rescues/_request_and_response.html.erb (1.5ms)
  Rendered /usr/lib/ruby/vendor_ruby/action_dispatch/middleware/templates/rescues/diagnostics.html.erb within rescues/layout (26.5ms)
  Rendered /var/lib/gems/2.3.0/gems/web-console-2.3.0/lib/web_console/templates/_markup.html.erb (0.7ms)
  Rendered /var/lib/gems/2.3.0/gems/web-console-2.3.0/lib/web_console/templates/_inner_console_markup.html.erb within layouts/inlined_string (0.6ms)
  Rendered /var/lib/gems/2.3.0/gems/web-console-2.3.0/lib/web_console/templates/_prompt_box_markup.html.erb within layouts/inlined_string (0.5ms)
  Rendered /var/lib/gems/2.3.0/gems/web-console-2.3.0/lib/web_console/templates/style.css.erb within layouts/inlined_string (0.5ms)
  Rendered /var/lib/gems/2.3.0/gems/web-console-2.3.0/lib/web_console/templates/console.js.erb within layouts/javascript (1177.2ms)
  Rendered /var/lib/gems/2.3.0/gems/web-console-2.3.0/lib/web_console/templates/main.js.erb within layouts/javascript (0.4ms)
  Rendered /var/lib/gems/2.3.0/gems/web-console-2.3.0/lib/web_console/templates/error_page.js.erb within layouts/javascript (0.6ms)
  Rendered /var/lib/gems/2.3.0/gems/web-console-2.3.0/lib/web_console/templates/index.html.erb (1202.7ms)
  [1m[36m (153.7ms)[0m  [1mCREATE TABLE "schema_migrations" ("version" varchar NOT NULL) [0m
  [1m[35m (0.2ms)[0m  select sqlite_version(*)
  [1m[36m (120.0ms)[0m  [1mCREATE UNIQUE INDEX "unique_schema_migrations" ON "schema_migrations" ("version")[0m
  [1m[35mActiveRecord::SchemaMigration Load (0.3ms)[0m  SELECT "schema_migrations".* FROM "schema_migrations"
Migrating to CreateKinds (20160902171434)
  [1m[36m (0.2ms)[0m  [1mbegin transaction[0m
  [1m[35m (0.8ms)[0m  CREATE TABLE "kinds" ("id" INTEGER PRIMARY KEY AUTOINCREMENT NOT NULL, "description" varchar, "created_at" datetime NOT NULL, "updated_at" datetime NOT NULL) 
  [1m[36mSQL (0.3ms)[0m  [1mINSERT INTO "schema_migrations" ("version") VALUES (?)[0m  [["version", "20160902171434"]]
  [1m[35m (161.9ms)[0m  commit transaction
Migrating to CreateContacts (20160902171821)
  [1m[36m (0.2ms)[0m  [1mbegin transaction[0m
  [1m[35m (0.7ms)[0m  CREATE TABLE "contacts" ("id" INTEGER PRIMARY KEY AUTOINCREMENT NOT NULL, "name" varchar, "email" varchar, "kind_id" integer, "rmk" text, "created_at" datetime NOT NULL, "updated_at" datetime NOT NULL) 
  [1m[36m (0.4ms)[0m  [1mCREATE  INDEX "index_contacts_on_kind_id" ON "contacts" ("kind_id")[0m
  [1m[35mSQL (0.3ms)[0m  INSERT INTO "schema_migrations" ("version") VALUES (?)  [["version", "20160902171821"]]
  [1m[36m (147.7ms)[0m  [1mcommit transaction[0m
Migrating to CreateAddresses (20160902172219)
  [1m[35m (0.2ms)[0m  begin transaction
  [1m[36m (0.8ms)[0m  [1mCREATE TABLE "addresses" ("id" INTEGER PRIMARY KEY AUTOINCREMENT NOT NULL, "street" varchar, "city" varchar, "state" varchar, "contact_id" integer, "created_at" datetime NOT NULL, "updated_at" datetime NOT NULL) [0m
  [1m[35m (0.5ms)[0m  CREATE  INDEX "index_addresses_on_contact_id" ON "addresses" ("contact_id")
  [1m[36mSQL (0.3ms)[0m  [1mINSERT INTO "schema_migrations" ("version") VALUES (?)[0m  [["version", "20160902172219"]]
  [1m[35m (148.5ms)[0m  commit transaction
Migrating to CreatePhones (20160902172335)
  [1m[36m (0.2ms)[0m  [1mbegin transaction[0m
  [1m[35m (0.8ms)[0m  CREATE TABLE "phones" ("id" INTEGER PRIMARY KEY AUTOINCREMENT NOT NULL, "phone" varchar, "contact_id" integer, "created_at" datetime NOT NULL, "updated_at" datetime NOT NULL) 
  [1m[36m (0.4ms)[0m  [1mCREATE  INDEX "index_phones_on_contact_id" ON "phones" ("contact_id")[0m
  [1m[35mSQL (0.3ms)[0m  INSERT INTO "schema_migrations" ("version") VALUES (?)  [["version", "20160902172335"]]
  [1m[36m (136.2ms)[0m  [1mcommit transaction[0m
  [1m[35mActiveRecord::SchemaMigration Load (1.1ms)[0m  SELECT "schema_migrations".* FROM "schema_migrations"
  [1m[36m (0.4ms)[0m  [1m            SELECT sql
            FROM sqlite_master
            WHERE name='index_addresses_on_contact_id' AND type='index'
            UNION ALL
            SELECT sql
            FROM sqlite_temp_master
            WHERE name='index_addresses_on_contact_id' AND type='index'
[0m
  [1m[35m (0.3ms)[0m              SELECT sql
            FROM sqlite_master
            WHERE name='index_contacts_on_kind_id' AND type='index'
            UNION ALL
            SELECT sql
            FROM sqlite_temp_master
            WHERE name='index_contacts_on_kind_id' AND type='index'

  [1m[36m (0.3ms)[0m  [1m            SELECT sql
            FROM sqlite_master
            WHERE name='index_phones_on_contact_id' AND type='index'
            UNION ALL
            SELECT sql
            FROM sqlite_temp_master
            WHERE name='index_phones_on_contact_id' AND type='index'
[0m


Started GET "/" for 127.0.0.1 at 2016-10-04 11:08:08 -0300
  [1m[36mActiveRecord::SchemaMigration Load (0.2ms)[0m  [1mSELECT "schema_migrations".* FROM "schema_migrations"[0m
Processing by HomeController#index as HTML
  Rendered home/index.html.erb within layouts/application (2.3ms)
Completed 200 OK in 3948ms (Views: 3908.5ms | ActiveRecord: 0.0ms)


Started GET "/assets/addresses.self-e3b0c44298fc1c149afbf4c8996fb92427ae41e4649b934ca495991b7852b855.css?body=1" for 127.0.0.1 at 2016-10-04 11:08:13 -0300


Started GET "/assets/contacts.self-e3b0c44298fc1c149afbf4c8996fb92427ae41e4649b934ca495991b7852b855.css?body=1" for 127.0.0.1 at 2016-10-04 11:08:13 -0300


Started GET "/assets/home.self-e3b0c44298fc1c149afbf4c8996fb92427ae41e4649b934ca495991b7852b855.css?body=1" for 127.0.0.1 at 2016-10-04 11:08:13 -0300


Started GET "/assets/bootstrap.self-c0d9512abc4e5356b5d5f1b671ccc9e769fcf8642fdecc9d2be8ee73c92c08e0.css?body=1" for 127.0.0.1 at 2016-10-04 11:08:13 -0300


Started GET "/assets/kinds.self-e3b0c44298fc1c149afbf4c8996fb92427ae41e4649b934ca495991b7852b855.css?body=1" for 127.0.0.1 at 2016-10-04 11:08:13 -0300


Started GET "/assets/scaffolds.self-febc3cbebad709bb3bdaf5ede6cec76d166211c0137438fddf68e93b4c411381.css?body=1" for 127.0.0.1 at 2016-10-04 11:08:13 -0300


Started GET "/assets/phones.self-e3b0c44298fc1c149afbf4c8996fb92427ae41e4649b934ca495991b7852b855.css?body=1" for 127.0.0.1 at 2016-10-04 11:08:13 -0300


Started GET "/assets/application.self-d885a0a66bd595c10edb24f8879f94e334d88be0730c4d7c7a7b57c731c09037.css?body=1" for 127.0.0.1 at 2016-10-04 11:08:13 -0300


Started GET "/assets/jquery.self-bd7ddd393353a8d2480a622e80342adf488fb6006d667e8b42e4c0073393abee.js?body=1" for 127.0.0.1 at 2016-10-04 11:08:13 -0300


Started GET "/assets/jquery_ujs.self-784a997f6726036b1993eb2217c9cb558e1cbb801c6da88105588c56f13b466a.js?body=1" for 127.0.0.1 at 2016-10-04 11:08:13 -0300


Started GET "/assets/turbolinks.self-c5acd7a204f5f25ce7a1d8a0e4d92e28d34c9e2df2c7371cd7af88e147e4ad82.js?body=1" for 127.0.0.1 at 2016-10-04 11:08:13 -0300


Started GET "/assets/cocoon.self-6874ad698cefd21cc1119b773550f61b5c1a60396460f015222af59293affe80.js?body=1" for 127.0.0.1 at 2016-10-04 11:08:13 -0300


Started GET "/assets/notifyjs/notify.self-580979233c906abe103d95ccdbfe97994e5a03d69946ab5b2f74dc3a667fde52.js?body=1" for 127.0.0.1 at 2016-10-04 11:08:13 -0300


Started GET "/assets/notifyjs.self-e3b0c44298fc1c149afbf4c8996fb92427ae41e4649b934ca495991b7852b855.js?body=1" for 127.0.0.1 at 2016-10-04 11:08:13 -0300


Started GET "/assets/bootstrap/bootstrap.self-b38817c3e3a3049abb1fc08dd6ae448b23330f8453226efdb074710209474f75.js?body=1" for 127.0.0.1 at 2016-10-04 11:08:13 -0300


Started GET "/assets/bootstrap.self-e3b0c44298fc1c149afbf4c8996fb92427ae41e4649b934ca495991b7852b855.js?body=1" for 127.0.0.1 at 2016-10-04 11:08:13 -0300


Started GET "/assets/addresses.self-877aef30ae1b040ab8a3aba4e3e309a11d7f2612f44dde450b5c157aa5f95c05.js?body=1" for 127.0.0.1 at 2016-10-04 11:08:13 -0300


Started GET "/assets/contacts.self-877aef30ae1b040ab8a3aba4e3e309a11d7f2612f44dde450b5c157aa5f95c05.js?body=1" for 127.0.0.1 at 2016-10-04 11:08:13 -0300


Started GET "/assets/home.self-877aef30ae1b040ab8a3aba4e3e309a11d7f2612f44dde450b5c157aa5f95c05.js?body=1" for 127.0.0.1 at 2016-10-04 11:08:13 -0300


Started GET "/assets/kinds.self-877aef30ae1b040ab8a3aba4e3e309a11d7f2612f44dde450b5c157aa5f95c05.js?body=1" for 127.0.0.1 at 2016-10-04 11:08:13 -0300


Started GET "/assets/phones.self-877aef30ae1b040ab8a3aba4e3e309a11d7f2612f44dde450b5c157aa5f95c05.js?body=1" for 127.0.0.1 at 2016-10-04 11:08:13 -0300


Started GET "/assets/application.self-44dc72337fbefc4f8c73fc8781b922cf9e4f99f8d068e6563c3820851d9390f6.js?body=1" for 127.0.0.1 at 2016-10-04 11:08:13 -0300


Started GET "/assets/bootstrap/dist/fonts/glyphicons-halflings-regular-fe185d11a49676890d47bb783312a0cda5a44c4039214094e7957b4c040ef11c.woff2" for 127.0.0.1 at 2016-10-04 11:08:13 -0300


Started GET "/kinds" for 127.0.0.1 at 2016-10-04 11:08:17 -0300
Processing by KindsController#index as HTML
  [1m[35m (0.1ms)[0m  SELECT COUNT(*) FROM "kinds"
  [1m[36mKind Load (0.2ms)[0m  [1mSELECT "kinds".* FROM "kinds"[0m
  Rendered kinds/index.html.erb within layouts/application (1115.1ms)
Completed 200 OK in 1261ms (Views: 1200.8ms | ActiveRecord: 0.5ms)


Started GET "/" for 127.0.0.1 at 2016-10-04 11:08:20 -0300
Processing by HomeController#index as HTML
  Rendered home/index.html.erb within layouts/application (0.4ms)
Completed 200 OK in 71ms (Views: 69.9ms | ActiveRecord: 0.0ms)


Started GET "/contacts" for 127.0.0.1 at 2016-10-04 11:08:22 -0300
Processing by ContactsController#index as HTML
  [1m[35m (0.3ms)[0m  SELECT COUNT(count_column) FROM (SELECT  1 AS count_column FROM "contacts" LIMIT 15 OFFSET 0) subquery_for_count
  [1m[36mContact Load (0.4ms)[0m  [1mSELECT  "contacts".* FROM "contacts"  ORDER BY "contacts"."name" ASC LIMIT 15 OFFSET 0[0m
  [1m[35m (0.2ms)[0m  SELECT COUNT(*) FROM "contacts"
  Rendered contacts/index.html.erb within layouts/application (64.6ms)
Completed 200 OK in 208ms (Views: 144.9ms | ActiveRecord: 1.2ms)


Started GET "/" for 127.0.0.1 at 2016-10-04 11:08:29 -0300
Processing by HomeController#index as HTML
  Rendered home/index.html.erb within layouts/application (0.6ms)
Completed 200 OK in 77ms (Views: 76.0ms | ActiveRecord: 0.0ms)


Started GET "/contacts" for 127.0.0.1 at 2016-10-04 11:08:31 -0300
Processing by ContactsController#index as HTML
  [1m[36m (0.3ms)[0m  [1mSELECT COUNT(count_column) FROM (SELECT  1 AS count_column FROM "contacts" LIMIT 15 OFFSET 0) subquery_for_count[0m
  [1m[35mContact Load (0.3ms)[0m  SELECT  "contacts".* FROM "contacts"  ORDER BY "contacts"."name" ASC LIMIT 15 OFFSET 0
  [1m[36m (0.2ms)[0m  [1mSELECT COUNT(*) FROM "contacts"[0m
  Rendered contacts/index.html.erb within layouts/application (6.8ms)
Completed 200 OK in 80ms (Views: 77.8ms | ActiveRecord: 0.8ms)


Started GET "/contacts/new" for 127.0.0.1 at 2016-10-04 11:08:34 -0300
Processing by ContactsController#new as HTML
  [1m[35mKind Load (0.3ms)[0m  SELECT "kinds".* FROM "kinds"
  Rendered contacts/_phone_fields.html.erb (2.4ms)
  Rendered contacts/_form.html.erb (99.7ms)
  Rendered contacts/new.html.erb within layouts/application (101.2ms)
Completed 200 OK in 233ms (Views: 165.7ms | ActiveRecord: 1.6ms)


Started GET "/assets/down-arrow-7783a2e6bb8a01f19c806bf617fc7a30f2b8c44fc4dba4731253e7fa0802ad3b.png" for 127.0.0.1 at 2016-10-04 11:08:35 -0300


Started POST "/contacts" for 127.0.0.1 at 2016-10-04 11:08:51 -0300
Processing by ContactsController#create as HTML
  Parameters: {"utf8"=>"✓", "authenticity_token"=>"6NA+xYhPu+ks3X1SBC1arioaZDMlLa2dLIaYNJkXwu8E7sKOG7CsPiubtrUzk7/k2e1+hNNCgc7ELfegu9e+6Q==", "contact"=>{"name"=>"Marcos", "email"=>"", "address_attributes"=>{"street"=>"", "city"=>"", "state"=>"AC"}, "rmk"=>""}, "commit"=>"Enviar"}
  [1m[36m (0.2ms)[0m  [1mbegin transaction[0m
  [1m[35m (0.1ms)[0m  rollback transaction
  [1m[36mKind Load (0.4ms)[0m  [1mSELECT "kinds".* FROM "kinds"[0m
  Rendered contacts/_phone_fields.html.erb (1.1ms)
  Rendered contacts/_form.html.erb (14.3ms)
  Rendered contacts/new.html.erb within layouts/application (15.4ms)
Completed 200 OK in 98ms (Views: 87.3ms | ActiveRecord: 0.7ms)


Started GET "/contacts" for 127.0.0.1 at 2016-10-04 11:09:00 -0300
Processing by ContactsController#index as HTML
  [1m[35m (0.3ms)[0m  SELECT COUNT(count_column) FROM (SELECT  1 AS count_column FROM "contacts" LIMIT 15 OFFSET 0) subquery_for_count
  [1m[36mContact Load (0.3ms)[0m  [1mSELECT  "contacts".* FROM "contacts"  ORDER BY "contacts"."name" ASC LIMIT 15 OFFSET 0[0m
  [1m[35m (0.2ms)[0m  SELECT COUNT(*) FROM "contacts"
  Rendered contacts/index.html.erb within layouts/application (7.7ms)
Completed 200 OK in 85ms (Views: 81.3ms | ActiveRecord: 0.8ms)


Started GET "/" for 127.0.0.1 at 2016-10-04 11:13:25 -0300
  [1m[36mActiveRecord::SchemaMigration Load (0.2ms)[0m  [1mSELECT "schema_migrations".* FROM "schema_migrations"[0m
Processing by HomeController#index as HTML
  Rendered home/index.html.erb within layouts/application (2.4ms)
Completed 200 OK in 524ms (Views: 509.8ms | ActiveRecord: 0.0ms)


Started GET "/assets/addresses.self-e3b0c44298fc1c149afbf4c8996fb92427ae41e4649b934ca495991b7852b855.css?body=1" for 127.0.0.1 at 2016-10-04 11:13:26 -0300


Started GET "/assets/contacts.self-e3b0c44298fc1c149afbf4c8996fb92427ae41e4649b934ca495991b7852b855.css?body=1" for 127.0.0.1 at 2016-10-04 11:13:26 -0300


Started GET "/assets/phones.self-e3b0c44298fc1c149afbf4c8996fb92427ae41e4649b934ca495991b7852b855.css?body=1" for 127.0.0.1 at 2016-10-04 11:13:26 -0300


Started GET "/assets/kinds.self-e3b0c44298fc1c149afbf4c8996fb92427ae41e4649b934ca495991b7852b855.css?body=1" for 127.0.0.1 at 2016-10-04 11:13:26 -0300


Started GET "/assets/home.self-e3b0c44298fc1c149afbf4c8996fb92427ae41e4649b934ca495991b7852b855.css?body=1" for 127.0.0.1 at 2016-10-04 11:13:26 -0300


Started GET "/assets/scaffolds.self-febc3cbebad709bb3bdaf5ede6cec76d166211c0137438fddf68e93b4c411381.css?body=1" for 127.0.0.1 at 2016-10-04 11:13:26 -0300


Started GET "/assets/bootstrap.self-c0d9512abc4e5356b5d5f1b671ccc9e769fcf8642fdecc9d2be8ee73c92c08e0.css?body=1" for 127.0.0.1 at 2016-10-04 11:13:26 -0300


Started GET "/assets/application.self-d885a0a66bd595c10edb24f8879f94e334d88be0730c4d7c7a7b57c731c09037.css?body=1" for 127.0.0.1 at 2016-10-04 11:13:26 -0300


Started GET "/assets/jquery.self-bd7ddd393353a8d2480a622e80342adf488fb6006d667e8b42e4c0073393abee.js?body=1" for 127.0.0.1 at 2016-10-04 11:13:26 -0300


Started GET "/assets/jquery_ujs.self-784a997f6726036b1993eb2217c9cb558e1cbb801c6da88105588c56f13b466a.js?body=1" for 127.0.0.1 at 2016-10-04 11:13:26 -0300


Started GET "/assets/turbolinks.self-c5acd7a204f5f25ce7a1d8a0e4d92e28d34c9e2df2c7371cd7af88e147e4ad82.js?body=1" for 127.0.0.1 at 2016-10-04 11:13:26 -0300


Started GET "/assets/notifyjs/notify.self-580979233c906abe103d95ccdbfe97994e5a03d69946ab5b2f74dc3a667fde52.js?body=1" for 127.0.0.1 at 2016-10-04 11:13:26 -0300


Started GET "/assets/cocoon.self-6874ad698cefd21cc1119b773550f61b5c1a60396460f015222af59293affe80.js?body=1" for 127.0.0.1 at 2016-10-04 11:13:26 -0300


Started GET "/assets/notifyjs.self-e3b0c44298fc1c149afbf4c8996fb92427ae41e4649b934ca495991b7852b855.js?body=1" for 127.0.0.1 at 2016-10-04 11:13:26 -0300


Started GET "/assets/bootstrap/bootstrap.self-b38817c3e3a3049abb1fc08dd6ae448b23330f8453226efdb074710209474f75.js?body=1" for 127.0.0.1 at 2016-10-04 11:13:26 -0300


Started GET "/assets/bootstrap.self-e3b0c44298fc1c149afbf4c8996fb92427ae41e4649b934ca495991b7852b855.js?body=1" for 127.0.0.1 at 2016-10-04 11:13:26 -0300


Started GET "/assets/addresses.self-877aef30ae1b040ab8a3aba4e3e309a11d7f2612f44dde450b5c157aa5f95c05.js?body=1" for 127.0.0.1 at 2016-10-04 11:13:26 -0300


Started GET "/assets/contacts.self-877aef30ae1b040ab8a3aba4e3e309a11d7f2612f44dde450b5c157aa5f95c05.js?body=1" for 127.0.0.1 at 2016-10-04 11:13:26 -0300


Started GET "/assets/home.self-877aef30ae1b040ab8a3aba4e3e309a11d7f2612f44dde450b5c157aa5f95c05.js?body=1" for 127.0.0.1 at 2016-10-04 11:13:26 -0300


Started GET "/assets/kinds.self-877aef30ae1b040ab8a3aba4e3e309a11d7f2612f44dde450b5c157aa5f95c05.js?body=1" for 127.0.0.1 at 2016-10-04 11:13:26 -0300


Started GET "/assets/phones.self-877aef30ae1b040ab8a3aba4e3e309a11d7f2612f44dde450b5c157aa5f95c05.js?body=1" for 127.0.0.1 at 2016-10-04 11:13:26 -0300


Started GET "/assets/application.self-44dc72337fbefc4f8c73fc8781b922cf9e4f99f8d068e6563c3820851d9390f6.js?body=1" for 127.0.0.1 at 2016-10-04 11:13:26 -0300


Started GET "/assets/bootstrap/dist/fonts/glyphicons-halflings-regular-fe185d11a49676890d47bb783312a0cda5a44c4039214094e7957b4c040ef11c.woff2" for 127.0.0.1 at 2016-10-04 11:13:26 -0300


Started GET "/contacts" for 127.0.0.1 at 2016-10-04 11:13:29 -0300
Processing by ContactsController#index as HTML
  [1m[35m (0.2ms)[0m  SELECT COUNT(count_column) FROM (SELECT  1 AS count_column FROM "contacts" LIMIT 15 OFFSET 0) subquery_for_count
  [1m[36mContact Load (0.3ms)[0m  [1mSELECT  "contacts".* FROM "contacts"  ORDER BY "contacts"."name" ASC LIMIT 15 OFFSET 0[0m
  [1m[35m (0.1ms)[0m  SELECT COUNT(*) FROM "contacts"
  Rendered contacts/index.html.erb within layouts/application (1108.7ms)
Completed 200 OK in 1196ms (Views: 1174.8ms | ActiveRecord: 0.9ms)


Started GET "/contacts/new" for 127.0.0.1 at 2016-10-04 11:13:35 -0300
Processing by ContactsController#new as HTML
  [1m[36mKind Load (0.2ms)[0m  [1mSELECT "kinds".* FROM "kinds"[0m
  Rendered contacts/_phone_fields.html.erb (1.9ms)
  Rendered contacts/_form.html.erb (43.5ms)
  Rendered contacts/new.html.erb within layouts/application (44.9ms)
Completed 200 OK in 163ms (Views: 124.0ms | ActiveRecord: 1.4ms)


Started GET "/contacts" for 127.0.0.1 at 2016-10-04 11:14:01 -0300
Processing by ContactsController#index as HTML
  [1m[35m (0.4ms)[0m  SELECT COUNT(count_column) FROM (SELECT  1 AS count_column FROM "contacts" LIMIT 15 OFFSET 0) subquery_for_count
  [1m[36mContact Load (0.6ms)[0m  [1mSELECT  "contacts".* FROM "contacts"  ORDER BY "contacts"."name" ASC LIMIT 15 OFFSET 0[0m
  [1m[35m (0.2ms)[0m  SELECT COUNT(*) FROM "contacts"
  Rendered contacts/index.html.erb within layouts/application (10.3ms)
Completed 200 OK in 84ms (Views: 80.8ms | ActiveRecord: 1.2ms)


Started GET "/" for 127.0.0.1 at 2016-10-04 11:14:03 -0300
Processing by HomeController#index as HTML
  Rendered home/index.html.erb within layouts/application (0.6ms)
Completed 200 OK in 93ms (Views: 92.4ms | ActiveRecord: 0.0ms)


Started GET "/kinds" for 127.0.0.1 at 2016-10-04 11:14:04 -0300
Processing by KindsController#index as HTML
  [1m[36m (0.3ms)[0m  [1mSELECT COUNT(*) FROM "kinds"[0m
  [1m[35mKind Load (0.2ms)[0m  SELECT "kinds".* FROM "kinds"
  Rendered kinds/index.html.erb within layouts/application (6.4ms)
Completed 200 OK in 83ms (Views: 81.9ms | ActiveRecord: 0.6ms)


Started GET "/" for 127.0.0.1 at 2016-10-04 11:14:06 -0300
Processing by HomeController#index as HTML
  Rendered home/index.html.erb within layouts/application (0.4ms)
Completed 200 OK in 105ms (Views: 103.5ms | ActiveRecord: 0.0ms)


Started GET "/kinds" for 127.0.0.1 at 2016-10-04 11:14:07 -0300
Processing by KindsController#index as HTML
  [1m[36m (0.3ms)[0m  [1mSELECT COUNT(*) FROM "kinds"[0m
  [1m[35mKind Load (0.4ms)[0m  SELECT "kinds".* FROM "kinds"
  Rendered kinds/index.html.erb within layouts/application (6.6ms)
Completed 200 OK in 105ms (Views: 103.3ms | ActiveRecord: 0.7ms)


Started GET "/kinds/new" for 127.0.0.1 at 2016-10-04 11:14:09 -0300
Processing by KindsController#new as HTML
  Rendered kinds/_form.html.erb (3.4ms)
  Rendered kinds/new.html.erb within layouts/application (5.3ms)
Completed 200 OK in 82ms (Views: 75.9ms | ActiveRecord: 0.2ms)


Started POST "/kinds" for 127.0.0.1 at 2016-10-04 11:14:15 -0300
Processing by KindsController#create as HTML
  Parameters: {"utf8"=>"✓", "authenticity_token"=>"J8PzrD53SH+03q14GEP6mHyIg0GVUejhq6IJ227qWGvL/Q/nrYhfqLOYZp8v/R/Sj3+Z9mM+xLJDCWZPTCokbQ==", "kind"=>{"description"=>"Amigos"}, "commit"=>"Criar Tipo"}
  [1m[36m (0.2ms)[0m  [1mbegin transaction[0m
  [1m[35mSQL (0.6ms)[0m  INSERT INTO "kinds" ("description", "created_at", "updated_at") VALUES (?, ?, ?)  [["description", "Amigos"], ["created_at", "2016-10-04 14:14:15.231952"], ["updated_at", "2016-10-04 14:14:15.231952"]]
  [1m[36m (125.1ms)[0m  [1mcommit transaction[0m
Redirected to http://localhost:3000/kinds
Completed 302 Found in 138ms (ActiveRecord: 125.8ms)


Started GET "/kinds" for 127.0.0.1 at 2016-10-04 11:14:15 -0300
Processing by KindsController#index as HTML
  [1m[35m (0.4ms)[0m  SELECT COUNT(*) FROM "kinds"
  [1m[36mKind Load (0.3ms)[0m  [1mSELECT "kinds".* FROM "kinds"[0m
  Rendered kinds/index.html.erb within layouts/application (5.9ms)
Completed 200 OK in 90ms (Views: 88.5ms | ActiveRecord: 0.6ms)


Started GET "/kinds/new" for 127.0.0.1 at 2016-10-04 11:14:21 -0300
Processing by KindsController#new as HTML
  Rendered kinds/_form.html.erb (1.8ms)
  Rendered kinds/new.html.erb within layouts/application (3.1ms)
Completed 200 OK in 81ms (Views: 80.5ms | ActiveRecord: 0.0ms)


Started POST "/kinds" for 127.0.0.1 at 2016-10-04 11:14:36 -0300
Processing by KindsController#create as HTML
  Parameters: {"utf8"=>"✓", "authenticity_token"=>"kzjTRuU/dn4H0SQOJe+nG4Myg5nQRNW1x40bBs0xmPl/Bi8NdsBhqQCX7+kSUUJRcMWZLiYr+eYvJnSS7/Hk/w==", "kind"=>{"description"=>"Famila"}, "commit"=>"Criar Tipo"}
  [1m[35m (0.2ms)[0m  begin transaction
  [1m[36mSQL (0.3ms)[0m  [1mINSERT INTO "kinds" ("description", "created_at", "updated_at") VALUES (?, ?, ?)[0m  [["description", "Famila"], ["created_at", "2016-10-04 14:14:36.913321"], ["updated_at", "2016-10-04 14:14:36.913321"]]
  [1m[35m (200.7ms)[0m  commit transaction
Redirected to http://localhost:3000/kinds
Completed 302 Found in 210ms (ActiveRecord: 201.2ms)


Started GET "/kinds" for 127.0.0.1 at 2016-10-04 11:14:37 -0300
Processing by KindsController#index as HTML
  [1m[36m (0.3ms)[0m  [1mSELECT COUNT(*) FROM "kinds"[0m
  [1m[35mKind Load (0.3ms)[0m  SELECT "kinds".* FROM "kinds"
  Rendered kinds/index.html.erb within layouts/application (5.4ms)
Completed 200 OK in 83ms (Views: 81.2ms | ActiveRecord: 0.6ms)


Started GET "/" for 127.0.0.1 at 2016-10-04 11:14:39 -0300
Processing by HomeController#index as HTML
  Rendered home/index.html.erb within layouts/application (0.5ms)
Completed 200 OK in 95ms (Views: 93.7ms | ActiveRecord: 0.0ms)


Started GET "/contacts" for 127.0.0.1 at 2016-10-04 11:14:40 -0300
Processing by ContactsController#index as HTML
  [1m[36m (0.3ms)[0m  [1mSELECT COUNT(count_column) FROM (SELECT  1 AS count_column FROM "contacts" LIMIT 15 OFFSET 0) subquery_for_count[0m
  [1m[35mContact Load (0.4ms)[0m  SELECT  "contacts".* FROM "contacts"  ORDER BY "contacts"."name" ASC LIMIT 15 OFFSET 0
  [1m[36m (0.2ms)[0m  [1mSELECT COUNT(*) FROM "contacts"[0m
  Rendered contacts/index.html.erb within layouts/application (18.5ms)
Completed 200 OK in 86ms (Views: 81.9ms | ActiveRecord: 0.9ms)


Started GET "/contacts/new" for 127.0.0.1 at 2016-10-04 11:14:42 -0300
Processing by ContactsController#new as HTML
  [1m[35mKind Load (1.5ms)[0m  SELECT "kinds".* FROM "kinds"
  Rendered contacts/_phone_fields.html.erb (1.0ms)
  Rendered contacts/_form.html.erb (15.2ms)
  Rendered contacts/new.html.erb within layouts/application (16.3ms)
Completed 200 OK in 83ms (Views: 76.7ms | ActiveRecord: 1.5ms)


Started POST "/contacts" for 127.0.0.1 at 2016-10-04 11:15:08 -0300
Processing by ContactsController#create as HTML
  Parameters: {"utf8"=>"✓", "authenticity_token"=>"n7PU+CCb1GLASgVeA5sDGe+i/x+o3xzIC6/QWEuCeJJzjSizs2TDtccMzrk0JeZTHFXlqF6wMJvjBL/MaUIElA==", "contact"=>{"name"=>"Ruan Kaylo", "email"=>"ruan@ruan", "kind_id"=>"1", "address_attributes"=>{"street"=>"Rua tal ", "city"=>"Teresina", "state"=>"PI"}, "rmk"=>"annknknknknkn"}, "commit"=>"Enviar"}
  [1m[36m (0.2ms)[0m  [1mbegin transaction[0m
  [1m[35mSQL (0.4ms)[0m  INSERT INTO "contacts" ("name", "email", "kind_id", "rmk", "created_at", "updated_at") VALUES (?, ?, ?, ?, ?, ?)  [["name", "Ruan Kaylo"], ["email", "ruan@ruan"], ["kind_id", 1], ["rmk", "annknknknknkn"], ["created_at", "2016-10-04 14:15:08.362593"], ["updated_at", "2016-10-04 14:15:08.362593"]]
  [1m[36mSQL (0.6ms)[0m  [1mINSERT INTO "addresses" ("street", "city", "state", "contact_id", "created_at", "updated_at") VALUES (?, ?, ?, ?, ?, ?)[0m  [["street", "Rua tal "], ["city", "Teresina"], ["state", "PI"], ["contact_id", 1], ["created_at", "2016-10-04 14:15:08.364801"], ["updated_at", "2016-10-04 14:15:08.364801"]]
  [1m[35m (229.8ms)[0m  commit transaction
Redirected to http://localhost:3000/contacts
Completed 302 Found in 242ms (ActiveRecord: 230.9ms)


Started GET "/contacts" for 127.0.0.1 at 2016-10-04 11:15:08 -0300
Processing by ContactsController#index as HTML
  [1m[36m (0.2ms)[0m  [1mSELECT COUNT(count_column) FROM (SELECT  1 AS count_column FROM "contacts" LIMIT 15 OFFSET 0) subquery_for_count[0m
  [1m[35mContact Load (0.2ms)[0m  SELECT  "contacts".* FROM "contacts"  ORDER BY "contacts"."name" ASC LIMIT 15 OFFSET 0
  [1m[36mKind Load (0.4ms)[0m  [1mSELECT  "kinds".* FROM "kinds" WHERE "kinds"."id" = ? LIMIT 1[0m  [["id", 1]]
  [1m[35m (0.2ms)[0m  SELECT COUNT(*) FROM "contacts"
  Rendered contacts/index.html.erb within layouts/application (40.3ms)
Completed 200 OK in 105ms (Views: 102.3ms | ActiveRecord: 1.1ms)


Started GET "/contacts" for 127.0.0.1 at 2016-10-04 11:15:46 -0300
Processing by ContactsController#index as HTML
  [1m[36m (0.3ms)[0m  [1mSELECT COUNT(count_column) FROM (SELECT  1 AS count_column FROM "contacts" LIMIT 15 OFFSET 0) subquery_for_count[0m
  [1m[35mContact Load (0.4ms)[0m  SELECT  "contacts".* FROM "contacts"  ORDER BY "contacts"."name" ASC LIMIT 15 OFFSET 0
  [1m[36mKind Load (0.1ms)[0m  [1mSELECT  "kinds".* FROM "kinds" WHERE "kinds"."id" = ? LIMIT 1[0m  [["id", 1]]
  [1m[35m (0.2ms)[0m  SELECT COUNT(*) FROM "contacts"
  Rendered contacts/index.html.erb within layouts/application (11.6ms)
Completed 200 OK in 77ms (Views: 74.8ms | ActiveRecord: 1.1ms)


Started GET "/assets/addresses.self-e3b0c44298fc1c149afbf4c8996fb92427ae41e4649b934ca495991b7852b855.css?body=1" for 127.0.0.1 at 2016-10-04 11:15:46 -0300


Started GET "/assets/contacts.self-e3b0c44298fc1c149afbf4c8996fb92427ae41e4649b934ca495991b7852b855.css?body=1" for 127.0.0.1 at 2016-10-04 11:15:46 -0300


Started GET "/assets/home.self-e3b0c44298fc1c149afbf4c8996fb92427ae41e4649b934ca495991b7852b855.css?body=1" for 127.0.0.1 at 2016-10-04 11:15:46 -0300


Started GET "/assets/bootstrap.self-c0d9512abc4e5356b5d5f1b671ccc9e769fcf8642fdecc9d2be8ee73c92c08e0.css?body=1" for 127.0.0.1 at 2016-10-04 11:15:46 -0300


Started GET "/assets/scaffolds.self-febc3cbebad709bb3bdaf5ede6cec76d166211c0137438fddf68e93b4c411381.css?body=1" for 127.0.0.1 at 2016-10-04 11:15:46 -0300


Started GET "/assets/phones.self-e3b0c44298fc1c149afbf4c8996fb92427ae41e4649b934ca495991b7852b855.css?body=1" for 127.0.0.1 at 2016-10-04 11:15:46 -0300


Started GET "/assets/kinds.self-e3b0c44298fc1c149afbf4c8996fb92427ae41e4649b934ca495991b7852b855.css?body=1" for 127.0.0.1 at 2016-10-04 11:15:46 -0300


Started GET "/assets/application.self-d885a0a66bd595c10edb24f8879f94e334d88be0730c4d7c7a7b57c731c09037.css?body=1" for 127.0.0.1 at 2016-10-04 11:15:46 -0300


Started GET "/assets/jquery.self-bd7ddd393353a8d2480a622e80342adf488fb6006d667e8b42e4c0073393abee.js?body=1" for 127.0.0.1 at 2016-10-04 11:15:46 -0300


Started GET "/assets/jquery_ujs.self-784a997f6726036b1993eb2217c9cb558e1cbb801c6da88105588c56f13b466a.js?body=1" for 127.0.0.1 at 2016-10-04 11:15:46 -0300


Started GET "/assets/turbolinks.self-c5acd7a204f5f25ce7a1d8a0e4d92e28d34c9e2df2c7371cd7af88e147e4ad82.js?body=1" for 127.0.0.1 at 2016-10-04 11:15:46 -0300


Started GET "/assets/notifyjs/notify.self-580979233c906abe103d95ccdbfe97994e5a03d69946ab5b2f74dc3a667fde52.js?body=1" for 127.0.0.1 at 2016-10-04 11:15:46 -0300


Started GET "/assets/cocoon.self-6874ad698cefd21cc1119b773550f61b5c1a60396460f015222af59293affe80.js?body=1" for 127.0.0.1 at 2016-10-04 11:15:46 -0300


Started GET "/assets/notifyjs.self-e3b0c44298fc1c149afbf4c8996fb92427ae41e4649b934ca495991b7852b855.js?body=1" for 127.0.0.1 at 2016-10-04 11:15:46 -0300


Started GET "/assets/bootstrap/bootstrap.self-b38817c3e3a3049abb1fc08dd6ae448b23330f8453226efdb074710209474f75.js?body=1" for 127.0.0.1 at 2016-10-04 11:15:46 -0300


Started GET "/assets/bootstrap.self-e3b0c44298fc1c149afbf4c8996fb92427ae41e4649b934ca495991b7852b855.js?body=1" for 127.0.0.1 at 2016-10-04 11:15:46 -0300


Started GET "/assets/addresses.self-877aef30ae1b040ab8a3aba4e3e309a11d7f2612f44dde450b5c157aa5f95c05.js?body=1" for 127.0.0.1 at 2016-10-04 11:15:46 -0300


Started GET "/assets/contacts.self-877aef30ae1b040ab8a3aba4e3e309a11d7f2612f44dde450b5c157aa5f95c05.js?body=1" for 127.0.0.1 at 2016-10-04 11:15:46 -0300


Started GET "/assets/home.self-877aef30ae1b040ab8a3aba4e3e309a11d7f2612f44dde450b5c157aa5f95c05.js?body=1" for 127.0.0.1 at 2016-10-04 11:15:46 -0300


Started GET "/assets/kinds.self-877aef30ae1b040ab8a3aba4e3e309a11d7f2612f44dde450b5c157aa5f95c05.js?body=1" for 127.0.0.1 at 2016-10-04 11:15:46 -0300


Started GET "/assets/phones.self-877aef30ae1b040ab8a3aba4e3e309a11d7f2612f44dde450b5c157aa5f95c05.js?body=1" for 127.0.0.1 at 2016-10-04 11:15:46 -0300


Started GET "/assets/application.self-44dc72337fbefc4f8c73fc8781b922cf9e4f99f8d068e6563c3820851d9390f6.js?body=1" for 127.0.0.1 at 2016-10-04 11:15:46 -0300


Started DELETE "/contacts/1" for 127.0.0.1 at 2016-10-04 11:16:04 -0300
Processing by ContactsController#destroy as HTML
  Parameters: {"authenticity_token"=>"cT7gZcXBO48Qx9i7Jd30jbmJVJZzrrI3UwFmdbvB0d6dABwuVj4sWBeBE1wSYxHHSn5OIYXBnmS7qgnhmQGt2A==", "id"=>"1"}
  [1m[36mContact Load (0.3ms)[0m  [1mSELECT  "contacts".* FROM "contacts" WHERE "contacts"."id" = ? LIMIT 1[0m  [["id", 1]]
Filter chain halted as #<Proc:0x007fde480aa068@/usr/lib/ruby/vendor_ruby/action_controller/metal/http_authentication.rb:70> rendered or redirected
Completed 401 Unauthorized in 44ms (ActiveRecord: 0.3ms)


Started DELETE "/contacts/1" for 127.0.0.1 at 2016-10-04 11:16:12 -0300
Processing by ContactsController#destroy as HTML
  Parameters: {"authenticity_token"=>"cT7gZcXBO48Qx9i7Jd30jbmJVJZzrrI3UwFmdbvB0d6dABwuVj4sWBeBE1wSYxHHSn5OIYXBnmS7qgnhmQGt2A==", "id"=>"1"}
  [1m[35mContact Load (0.2ms)[0m  SELECT  "contacts".* FROM "contacts" WHERE "contacts"."id" = ? LIMIT 1  [["id", 1]]
Filter chain halted as #<Proc:0x007fde480aa068@/usr/lib/ruby/vendor_ruby/action_controller/metal/http_authentication.rb:70> rendered or redirected
Completed 401 Unauthorized in 3ms (ActiveRecord: 0.2ms)


Started GET "/" for 127.0.0.1 at 2016-10-04 11:16:19 -0300
Processing by HomeController#index as HTML
  Rendered home/index.html.erb within layouts/application (0.4ms)
Completed 200 OK in 75ms (Views: 73.8ms | ActiveRecord: 0.0ms)


Started GET "/assets/bootstrap/dist/fonts/glyphicons-halflings-regular-fe185d11a49676890d47bb783312a0cda5a44c4039214094e7957b4c040ef11c.woff2" for 127.0.0.1 at 2016-10-04 11:16:19 -0300


Started GET "/contacts" for 127.0.0.1 at 2016-10-04 11:16:24 -0300
Processing by ContactsController#index as HTML
  [1m[36m (0.4ms)[0m  [1mSELECT COUNT(count_column) FROM (SELECT  1 AS count_column FROM "contacts" LIMIT 15 OFFSET 0) subquery_for_count[0m
  [1m[35mContact Load (0.6ms)[0m  SELECT  "contacts".* FROM "contacts"  ORDER BY "contacts"."name" ASC LIMIT 15 OFFSET 0
  [1m[36mKind Load (0.2ms)[0m  [1mSELECT  "kinds".* FROM "kinds" WHERE "kinds"."id" = ? LIMIT 1[0m  [["id", 1]]
  [1m[35m (0.2ms)[0m  SELECT COUNT(*) FROM "contacts"
  Rendered contacts/index.html.erb within layouts/application (15.0ms)
Completed 200 OK in 96ms (Views: 92.5ms | ActiveRecord: 1.4ms)


Started GET "/" for 127.0.0.1 at 2016-10-04 11:16:44 -0300
Processing by HomeController#index as HTML
  Rendered home/index.html.erb within layouts/application (0.5ms)
Completed 200 OK in 88ms (Views: 86.7ms | ActiveRecord: 0.0ms)


Started GET "/contacts" for 127.0.0.1 at 2016-10-04 11:16:46 -0300
Processing by ContactsController#index as HTML
  [1m[36m (0.3ms)[0m  [1mSELECT COUNT(count_column) FROM (SELECT  1 AS count_column FROM "contacts" LIMIT 15 OFFSET 0) subquery_for_count[0m
  [1m[35mContact Load (0.4ms)[0m  SELECT  "contacts".* FROM "contacts"  ORDER BY "contacts"."name" ASC LIMIT 15 OFFSET 0
  [1m[36mKind Load (0.2ms)[0m  [1mSELECT  "kinds".* FROM "kinds" WHERE "kinds"."id" = ? LIMIT 1[0m  [["id", 1]]
  [1m[35m (0.3ms)[0m  SELECT COUNT(*) FROM "contacts"
  Rendered contacts/index.html.erb within layouts/application (13.6ms)
Completed 200 OK in 86ms (Views: 83.1ms | ActiveRecord: 1.2ms)


Started GET "/contacts/new" for 127.0.0.1 at 2016-10-04 11:16:50 -0300
Processing by ContactsController#new as HTML
  [1m[36mKind Load (0.3ms)[0m  [1mSELECT "kinds".* FROM "kinds"[0m
  Rendered contacts/_phone_fields.html.erb (1.3ms)
  Rendered contacts/_form.html.erb (14.1ms)
  Rendered contacts/new.html.erb within layouts/application (15.5ms)
Completed 200 OK in 84ms (Views: 81.4ms | ActiveRecord: 0.3ms)


Started POST "/contacts" for 127.0.0.1 at 2016-10-04 11:17:13 -0300
Processing by ContactsController#create as HTML
  Parameters: {"utf8"=>"✓", "authenticity_token"=>"v7t1C4dNniLq5A2Wgq0MzwPxu/6MBjkMNUe4voXsXbRThYlAFLKJ9e2ixnG1E+mF8AahSXppFV/d7Ncqpywhsg==", "contact"=>{"name"=>"MAuricio", "email"=>"mauriciolira31@gmail.com", "kind_id"=>"1", "address_attributes"=>{"street"=>"rua joão paulo", "city"=>"Teresina", "state"=>"PI"}, "rmk"=>"bdbabffajljba"}, "commit"=>"Enviar"}
  [1m[35m (0.2ms)[0m  begin transaction
  [1m[36mSQL (1.9ms)[0m  [1mINSERT INTO "contacts" ("name", "email", "kind_id", "rmk", "created_at", "updated_at") VALUES (?, ?, ?, ?, ?, ?)[0m  [["name", "MAuricio"], ["email", "mauriciolira31@gmail.com"], ["kind_id", 1], ["rmk", "bdbabffajljba"], ["created_at", "2016-10-04 14:17:13.180534"], ["updated_at", "2016-10-04 14:17:13.180534"]]
  [1m[35mSQL (0.2ms)[0m  INSERT INTO "addresses" ("street", "city", "state", "contact_id", "created_at", "updated_at") VALUES (?, ?, ?, ?, ?, ?)  [["street", "rua joão paulo"], ["city", "Teresina"], ["state", "PI"], ["contact_id", 2], ["created_at", "2016-10-04 14:17:13.186434"], ["updated_at", "2016-10-04 14:17:13.186434"]]
  [1m[36m (118.3ms)[0m  [1mcommit transaction[0m
Redirected to http://localhost:3000/contacts
Completed 302 Found in 134ms (ActiveRecord: 120.6ms)


Started GET "/contacts" for 127.0.0.1 at 2016-10-04 11:17:13 -0300
Processing by ContactsController#index as HTML
  [1m[35m (0.4ms)[0m  SELECT COUNT(count_column) FROM (SELECT  1 AS count_column FROM "contacts" LIMIT 15 OFFSET 0) subquery_for_count
  [1m[36mContact Load (0.5ms)[0m  [1mSELECT  "contacts".* FROM "contacts"  ORDER BY "contacts"."name" ASC LIMIT 15 OFFSET 0[0m
  [1m[35mKind Load (0.2ms)[0m  SELECT  "kinds".* FROM "kinds" WHERE "kinds"."id" = ? LIMIT 1  [["id", 1]]
  [1m[36mCACHE (0.0ms)[0m  [1mSELECT  "kinds".* FROM "kinds" WHERE "kinds"."id" = ? LIMIT 1[0m  [["id", 1]]
  [1m[35m (0.2ms)[0m  SELECT COUNT(*) FROM "contacts"
  Rendered contacts/index.html.erb within layouts/application (11.4ms)
Completed 200 OK in 83ms (Views: 80.6ms | ActiveRecord: 1.2ms)


Started GET "/contacts/2/edit" for 127.0.0.1 at 2016-10-04 11:17:31 -0300
Processing by ContactsController#edit as HTML
  Parameters: {"id"=>"2"}
  [1m[36mContact Load (0.2ms)[0m  [1mSELECT  "contacts".* FROM "contacts" WHERE "contacts"."id" = ? LIMIT 1[0m  [["id", 2]]
  [1m[35mKind Load (0.2ms)[0m  SELECT "kinds".* FROM "kinds"
  [1m[36mAddress Load (0.4ms)[0m  [1mSELECT  "addresses".* FROM "addresses" WHERE "addresses"."contact_id" = ? LIMIT 1[0m  [["contact_id", 2]]
  [1m[35mPhone Load (0.3ms)[0m  SELECT "phones".* FROM "phones" WHERE "phones"."contact_id" = ?  [["contact_id", 2]]
  Rendered contacts/_phone_fields.html.erb (1.1ms)
  Rendered contacts/_form.html.erb (56.3ms)
  Rendered contacts/edit.html.erb within layouts/application (60.2ms)
Completed 200 OK in 130ms (Views: 127.0ms | ActiveRecord: 1.1ms)


Started PATCH "/contacts/2" for 127.0.0.1 at 2016-10-04 11:17:43 -0300
Processing by ContactsController#update as HTML
  Parameters: {"utf8"=>"✓", "authenticity_token"=>"DIMkiAWIViah3U2NBVaXbxZ+bDSeHSbL1Ob1AtZVSfvgvdjDlndB8aabhmoy6HIl5Yl2g2hyCpg8TZqW9JU1/Q==", "contact"=>{"name"=>"MAuricio", "email"=>"mauriciolira31@gmail.com", "kind_id"=>"1", "address_attributes"=>{"street"=>"rua joão paulo", "city"=>"Teresina", "state"=>"PI", "id"=>"2"}, "phones_attributes"=>{"1475590655539"=>{"phone"=>"86 995424255", "_destroy"=>"false"}}, "rmk"=>"bdbabffajljba"}, "commit"=>"Enviar", "id"=>"2"}
  [1m[36mContact Load (1.2ms)[0m  [1mSELECT  "contacts".* FROM "contacts" WHERE "contacts"."id" = ? LIMIT 1[0m  [["id", 2]]
Unpermitted parameter: id
  [1m[35m (0.1ms)[0m  begin transaction
  [1m[36mAddress Load (0.2ms)[0m  [1mSELECT  "addresses".* FROM "addresses" WHERE "addresses"."contact_id" = ? LIMIT 1[0m  [["contact_id", 2]]
  [1m[35mSQL (0.8ms)[0m  UPDATE "addresses" SET "contact_id" = ?, "updated_at" = ? WHERE "addresses"."id" = ?  [["contact_id", nil], ["updated_at", "2016-10-04 14:17:43.887923"], ["id", 2]]
  [1m[36mSQL (0.2ms)[0m  [1mINSERT INTO "addresses" ("street", "city", "state", "contact_id", "created_at", "updated_at") VALUES (?, ?, ?, ?, ?, ?)[0m  [["street", "rua joão paulo"], ["city", "Teresina"], ["state", "PI"], ["contact_id", 2], ["created_at", "2016-10-04 14:17:43.894926"], ["updated_at", "2016-10-04 14:17:43.894926"]]
  [1m[35mSQL (0.3ms)[0m  INSERT INTO "phones" ("phone", "contact_id", "created_at", "updated_at") VALUES (?, ?, ?, ?)  [["phone", "86 995424255"], ["contact_id", 2], ["created_at", "2016-10-04 14:17:43.897440"], ["updated_at", "2016-10-04 14:17:43.897440"]]
  [1m[36m (99.0ms)[0m  [1mcommit transaction[0m
Redirected to http://localhost:3000/contacts
Completed 302 Found in 123ms (ActiveRecord: 101.8ms)


Started GET "/contacts" for 127.0.0.1 at 2016-10-04 11:17:44 -0300
Processing by ContactsController#index as HTML
  [1m[35m (0.4ms)[0m  SELECT COUNT(count_column) FROM (SELECT  1 AS count_column FROM "contacts" LIMIT 15 OFFSET 0) subquery_for_count
  [1m[36mContact Load (0.3ms)[0m  [1mSELECT  "contacts".* FROM "contacts"  ORDER BY "contacts"."name" ASC LIMIT 15 OFFSET 0[0m
  [1m[35mKind Load (0.2ms)[0m  SELECT  "kinds".* FROM "kinds" WHERE "kinds"."id" = ? LIMIT 1  [["id", 1]]
  [1m[36mCACHE (0.0ms)[0m  [1mSELECT  "kinds".* FROM "kinds" WHERE "kinds"."id" = ? LIMIT 1[0m  [["id", 1]]
  [1m[35m (0.2ms)[0m  SELECT COUNT(*) FROM "contacts"
  Rendered contacts/index.html.erb within layouts/application (9.5ms)
Completed 200 OK in 76ms (Views: 74.1ms | ActiveRecord: 1.1ms)


Started GET "/" for 127.0.0.1 at 2016-10-04 11:17:47 -0300
Processing by HomeController#index as HTML
  Rendered home/index.html.erb within layouts/application (0.4ms)
Completed 200 OK in 80ms (Views: 79.0ms | ActiveRecord: 0.0ms)
